app/build/intermediates/manifest_merge_blame_file/VwbRelease/manifest-merger-blame-Vwb-release-report.txt
1<?xml version="1.0" encoding="utf-8"?>
2<manifest xmlns:android="http://schemas.android.com/apk/res/android"
3    package="vworkbench7.vritti.com.vworkbench7"
4    android:versionCode="128"
5    android:versionName="5.5.7" >
6
7    <uses-sdk
8        android:minSdkVersion="19"
9        android:targetSdkVersion="30" />
10
11    <uses-permission android:name="android.permission.INTERNET" />
11-->src\main\AndroidManifest.xml:12:5-67
11-->src\main\AndroidManifest.xml:12:22-64
12    <uses-permission android:name="android.permission.ACCESS_NETWORK_STATE" />
12-->src\main\AndroidManifest.xml:6:5-79
12-->src\main\AndroidManifest.xml:6:22-76
13    <uses-permission android:name="android.permission.ACCESS_FINE_LOCATION" />
13-->src\main\AndroidManifest.xml:14:5-79
13-->src\main\AndroidManifest.xml:14:22-76
14    <uses-permission android:name="android.permission.ACCESS_COARSE_LOCATION" />
14-->src\main\AndroidManifest.xml:15:5-81
14-->src\main\AndroidManifest.xml:15:22-78
15    <uses-permission android:name="android.permission.ACCESS_WIFI_STATE" />
15-->src\main\AndroidManifest.xml:16:5-76
15-->src\main\AndroidManifest.xml:16:22-73
16    <uses-permission android:name="android.permission.READ_EXTERNAL_STORAGE" />
16-->src\main\AndroidManifest.xml:17:5-80
16-->src\main\AndroidManifest.xml:17:22-77
17    <uses-permission android:name="android.permission.WRITE_EXTERNAL_STORAGE" />
17-->src\main\AndroidManifest.xml:18:5-81
17-->src\main\AndroidManifest.xml:18:22-78
18    <uses-permission android:name="android.permission.RECEIVE_BOOT_COMPLETED" />
18-->src\main\AndroidManifest.xml:19:5-81
18-->src\main\AndroidManifest.xml:19:22-78
19    <uses-permission android:name="android.permission.SYSTEM_ALERT_WINDOW" />
19-->src\main\AndroidManifest.xml:20:5-78
19-->src\main\AndroidManifest.xml:20:22-75
20
21    <uses-feature android:name="android.hardware.camera" />
21-->src\main\AndroidManifest.xml:45:5-47:36
21-->src\main\AndroidManifest.xml:46:9-47
22    <uses-feature android:name="android.hardware.camera.autofocus" />
22-->src\main\AndroidManifest.xml:24:5-70
22-->src\main\AndroidManifest.xml:24:19-67
23
24    <uses-permission android:name="android.permission.CAMERA" />
24-->src\main\AndroidManifest.xml:25:5-65
24-->src\main\AndroidManifest.xml:25:22-62
25    <uses-permission android:name="android.permission.RECORD_AUDIO" />
25-->src\main\AndroidManifest.xml:26:5-71
25-->src\main\AndroidManifest.xml:26:22-68
26    <uses-permission android:name="android.permission.REQUEST_IGNORE_BATTERY_OPTIMIZATIONS" />
26-->src\main\AndroidManifest.xml:27:5-95
26-->src\main\AndroidManifest.xml:27:22-92
27    <uses-permission android:name="com.google.android.c2dm.permission.RECEIVE" />
27-->src\main\AndroidManifest.xml:28:5-82
27-->src\main\AndroidManifest.xml:28:22-79
28    <uses-permission android:name="android.permission.WAKE_LOCK" />
28-->src\main\AndroidManifest.xml:29:5-68
28-->src\main\AndroidManifest.xml:29:22-65
29    <!--
30    <uses-permission android:name="android.permission.PROCESS_OUTGOING_CALLS"/>
31    <uses-permission android:name="android.permission.READ_CALL_LOG"/>
32    -->
33    <uses-permission android:name="android.permission.READ_PHONE_STATE" />
33-->src\main\AndroidManifest.xml:9:5-75
33-->src\main\AndroidManifest.xml:9:22-72
34<!--     <uses-permission android:name="android.permission.ACCESS_BACKGROUND_LOCATION"/> -->
35    <uses-permission android:name="android.permission.WRITE_SETTINGS" />
35-->src\main\AndroidManifest.xml:34:5-72
35-->src\main\AndroidManifest.xml:34:22-70
36
37    <!--
38        <uses-permission android:name="android.permission.MANAGE_EXTERNAL_STORAGE"
39        tools:ignore="ScopedStorage" />
40    -->
41
42    <uses-permission
42-->src\main\AndroidManifest.xml:49:5-51:47
43        android:name="common.permission.MAPS_RECEIVE"
43-->src\main\AndroidManifest.xml:50:9-54
44        android:protectionLevel="signature" />
44-->src\main\AndroidManifest.xml:51:9-44
45    <uses-permission android:name="com.javapapers.currentlocationinmap.permission.MAPS_RECEIVE" />
45-->src\main\AndroidManifest.xml:52:5-99
45-->src\main\AndroidManifest.xml:52:22-96
46    <!-- android:allowBackup="false"  change this by nilesh sir said -->
47    <queries>
47-->src\Vwb\AndroidManifest.xml:38:5-45:15
48        <package android:name="com.whatsapp" />
48-->src\Vwb\AndroidManifest.xml:40:9-48
48-->src\Vwb\AndroidManifest.xml:40:18-45
49        <package android:name="com.whatsapp.w4b" />
49-->src\Vwb\AndroidManifest.xml:41:9-52
49-->src\Vwb\AndroidManifest.xml:41:18-49
50
51        <intent>
51-->src\Vwb\AndroidManifest.xml:42:9-44:18
52            <action android:name="android.media.action.IMAGE_CAPTURE" />
52-->src\Vwb\AndroidManifest.xml:43:13-73
52-->src\Vwb\AndroidManifest.xml:43:21-70
53        </intent>
54    </queries>
55
56    <uses-permission android:name="android.permission.CALL_PHONE" />
56-->src\main\AndroidManifest.xml:7:5-69
56-->src\main\AndroidManifest.xml:7:22-66
57    <uses-permission android:name="android.permission.CHANGE_WIFI_STATE" />
57-->src\main\AndroidManifest.xml:8:5-76
57-->src\main\AndroidManifest.xml:8:22-73
58    <uses-permission android:name="android.permission.READ_CONTACTS" />
58-->src\main\AndroidManifest.xml:10:5-72
58-->src\main\AndroidManifest.xml:10:22-69
59    <uses-permission android:name="android.permission.WRITE_CONTACTS" />
59-->src\main\AndroidManifest.xml:11:5-73
59-->src\main\AndroidManifest.xml:11:22-70
60    <uses-permission android:name="android.permission.CHANGE_WIFI_STATE" />
60-->src\main\AndroidManifest.xml:8:5-76
60-->src\main\AndroidManifest.xml:8:22-73
61    <uses-permission android:name="android.permission.BLUETOOTH" />
61-->src\main\AndroidManifest.xml:30:5-68
61-->src\main\AndroidManifest.xml:30:22-65
62    <uses-permission android:name="android.permission.BLUETOOTH_ADMIN" />
62-->src\main\AndroidManifest.xml:31:5-74
62-->src\main\AndroidManifest.xml:31:22-71
63    <uses-permission android:name="android.permission.FOREGROUND_SERVICE" />
63-->src\main\AndroidManifest.xml:35:5-76
63-->src\main\AndroidManifest.xml:35:22-74
64
65    <supports-screens
65-->src\main\AndroidManifest.xml:54:5-60:40
66        android:anyDensity="true"
66-->src\main\AndroidManifest.xml:55:9-34
67        android:largeScreens="true"
67-->src\main\AndroidManifest.xml:56:9-36
68        android:normalScreens="true"
68-->src\main\AndroidManifest.xml:57:9-37
69        android:resizeable="true"
69-->src\main\AndroidManifest.xml:58:9-34
70        android:smallScreens="true"
70-->src\main\AndroidManifest.xml:59:9-36
71        android:xlargeScreens="true" />
71-->src\main\AndroidManifest.xml:60:9-37
72
73    <uses-feature
73-->[com.journeyapps:zxing-android-embedded:3.5.0] AndroidManifest.xml:27:5-29:36
74        android:name="android.hardware.camera.front"
74-->[com.journeyapps:zxing-android-embedded:3.5.0] AndroidManifest.xml:28:9-53
75        android:required="false" />
75-->[com.journeyapps:zxing-android-embedded:3.5.0] AndroidManifest.xml:29:9-33
76    <uses-feature
76-->[com.journeyapps:zxing-android-embedded:3.5.0] AndroidManifest.xml:35:5-37:36
77        android:name="android.hardware.camera.flash"
77-->[com.journeyapps:zxing-android-embedded:3.5.0] AndroidManifest.xml:36:9-53
78        android:required="false" />
78-->[com.journeyapps:zxing-android-embedded:3.5.0] AndroidManifest.xml:37:9-33
79    <uses-feature
79-->[com.journeyapps:zxing-android-embedded:3.5.0] AndroidManifest.xml:38:5-40:36
80        android:name="android.hardware.screen.landscape"
80-->[com.journeyapps:zxing-android-embedded:3.5.0] AndroidManifest.xml:39:9-57
81        android:required="false" />
81-->[com.journeyapps:zxing-android-embedded:3.5.0] AndroidManifest.xml:40:9-33
82    <uses-feature
82-->[com.journeyapps:zxing-android-embedded:3.5.0] AndroidManifest.xml:41:5-43:36
83        android:name="android.hardware.wifi"
83-->[com.journeyapps:zxing-android-embedded:3.5.0] AndroidManifest.xml:42:9-45
84        android:required="false" />
84-->[com.journeyapps:zxing-android-embedded:3.5.0] AndroidManifest.xml:43:9-33
85
86    <permission
86-->[com.google.firebase:firebase-iid:11.4.0] AndroidManifest.xml:24:5-109
87        android:name="vworkbench7.vritti.com.vworkbench7.permission.C2D_MESSAGE"
87-->[com.google.firebase:firebase-iid:11.4.0] AndroidManifest.xml:24:17-71
88        android:protectionLevel="signature" />
88-->[com.google.firebase:firebase-iid:11.4.0] AndroidManifest.xml:24:72-107
89
90    <uses-permission android:name="vworkbench7.vritti.com.vworkbench7.permission.C2D_MESSAGE" />
90-->[com.google.firebase:firebase-iid:11.4.0] AndroidManifest.xml:26:5-78
90-->[com.google.firebase:firebase-iid:11.4.0] AndroidManifest.xml:26:22-76
91
92    <uses-feature
92-->[com.google.android.gms:play-services-maps:11.4.0] AndroidManifest.xml:21:5-77
93        android:glEsVersion="0x00020000"
93-->[com.google.android.gms:play-services-maps:11.4.0] AndroidManifest.xml:21:19-51
94        android:required="true" />
94-->[com.google.android.gms:play-services-maps:11.4.0] AndroidManifest.xml:21:52-75
95
96    <uses-permission android:name="android.permission.VIBRATE" /> <!-- for android -->
96-->[com.github.citux:datetimepicker:0.2.0] AndroidManifest.xml:26:5-66
96-->[com.github.citux:datetimepicker:0.2.0] AndroidManifest.xml:26:22-63
97    <!-- <uses-permission android:name="com.android.launcher.permission.READ_SETTINGS"/> -->
98    <!-- <uses-permission android:name="com.android.launcher.permission.WRITE_SETTINGS"/> -->
99    <!-- <uses-permission android:name="com.android.launcher.permission.INSTALL_SHORTCUT" /> -->
100    <!-- <uses-permission android:name="com.android.launcher.permission.UNINSTALL_SHORTCUT" /> -->
101    <!-- for Samsung -->
102    <uses-permission android:name="com.sec.android.provider.badge.permission.READ" />
102-->[me.leolin:ShortcutBadger:1.1.3] AndroidManifest.xml:19:5-86
102-->[me.leolin:ShortcutBadger:1.1.3] AndroidManifest.xml:19:22-83
103    <uses-permission android:name="com.sec.android.provider.badge.permission.WRITE" /> <!-- for htc -->
103-->[me.leolin:ShortcutBadger:1.1.3] AndroidManifest.xml:20:5-87
103-->[me.leolin:ShortcutBadger:1.1.3] AndroidManifest.xml:20:22-84
104    <uses-permission android:name="com.htc.launcher.permission.READ_SETTINGS" />
104-->[me.leolin:ShortcutBadger:1.1.3] AndroidManifest.xml:23:5-81
104-->[me.leolin:ShortcutBadger:1.1.3] AndroidManifest.xml:23:22-78
105    <uses-permission android:name="com.htc.launcher.permission.UPDATE_SHORTCUT" /> <!-- for sony -->
105-->[me.leolin:ShortcutBadger:1.1.3] AndroidManifest.xml:24:5-83
105-->[me.leolin:ShortcutBadger:1.1.3] AndroidManifest.xml:24:22-80
106    <uses-permission android:name="com.sonyericsson.home.permission.BROADCAST_BADGE" /> <!-- for apex -->
106-->[me.leolin:ShortcutBadger:1.1.3] AndroidManifest.xml:27:5-88
106-->[me.leolin:ShortcutBadger:1.1.3] AndroidManifest.xml:27:22-85
107    <uses-permission android:name="com.anddoes.launcher.permission.UPDATE_COUNT" /> <!-- for solid -->
107-->[me.leolin:ShortcutBadger:1.1.3] AndroidManifest.xml:30:5-84
107-->[me.leolin:ShortcutBadger:1.1.3] AndroidManifest.xml:30:22-81
108    <uses-permission android:name="com.majeur.launcher.permission.UPDATE_BADGE" />
108-->[me.leolin:ShortcutBadger:1.1.3] AndroidManifest.xml:33:5-83
108-->[me.leolin:ShortcutBadger:1.1.3] AndroidManifest.xml:33:22-80
109
110    <application
110-->src\main\AndroidManifest.xml:62:5-1379:19
111        android:name="com.vritti.vwb.vworkbench.Myapplication"
111-->src\Vwb\AndroidManifest.xml:48:9-63
112        android:allowBackup="false"
112-->src\Vwb\AndroidManifest.xml:49:9-36
113        android:hardwareAccelerated="true"
113-->src\main\AndroidManifest.xml:63:9-43
114        android:icon="@mipmap/ic_ekatm_applogo"
114-->src\Vwb\AndroidManifest.xml:50:9-48
115        android:label="@string/app_name"
115-->src\Vwb\AndroidManifest.xml:52:9-41
116        android:largeHeap="true"
116-->src\main\AndroidManifest.xml:64:9-33
117        android:requestLegacyExternalStorage="true"
117-->src\main\AndroidManifest.xml:65:9-52
118        android:roundIcon="@mipmap/ic_ekatm_applogo_round"
118-->src\Vwb\AndroidManifest.xml:51:9-59
119        android:supportsRtl="true"
119-->src\Vwb\AndroidManifest.xml:53:9-35
120        android:theme="@style/AppTheme.NoActionBar"
120-->src\Vwb\AndroidManifest.xml:54:9-52
121        android:usesCleartextTraffic="true" >
121-->src\main\AndroidManifest.xml:66:9-44
122        <meta-data
122-->src\main\AndroidManifest.xml:74:9-75:68
123            android:name="com.google.android.gms.version"
123-->src\main\AndroidManifest.xml:74:20-65
124            android:value="@integer/google_play_services_version" />
124-->src\main\AndroidManifest.xml:75:13-66
125        <meta-data
125-->src\main\AndroidManifest.xml:723:9-725:54
126            android:name="com.google.android.geo.API_KEY"
126-->src\main\AndroidManifest.xml:724:13-58
127            android:value="@string/google_map_key" />
127-->src\main\AndroidManifest.xml:725:13-51
128
129        <activity
129-->src\Vwb\AndroidManifest.xml:67:9-75:20
130            android:name="com.vritti.ekatm.activity.ActivityLogIn"
130-->src\Vwb\AndroidManifest.xml:68:13-51
131            android:theme="@style/AppTheme.NoActionBar" >
131-->src\Vwb\AndroidManifest.xml:69:13-56
132            <intent-filter>
132-->src\Vwb\AndroidManifest.xml:70:13-74:29
133                <action android:name="android.intent.action.MAIN" />
133-->src\Vwb\AndroidManifest.xml:71:17-69
133-->src\Vwb\AndroidManifest.xml:71:25-66
134
135                <category android:name="android.intent.category.LAUNCHER" />
135-->src\Vwb\AndroidManifest.xml:73:17-77
135-->src\Vwb\AndroidManifest.xml:73:27-74
136            </intent-filter>
137        </activity>
138        <activity android:name="com.vritti.vwb.vworkbench.MyTeamMemberWIPActivity" />
138-->src\Vwb\AndroidManifest.xml:77:9-86
138-->src\Vwb\AndroidManifest.xml:77:19-83
139        <activity
139-->src\Vwb\AndroidManifest.xml:81:9-83:57
140            android:name="com.vritti.vwb.vworkbench.ClaimNewActivity"
140-->src\Vwb\AndroidManifest.xml:82:13-70
141            android:windowSoftInputMode="stateHidden" />
141-->src\Vwb\AndroidManifest.xml:83:13-54
142        <activity
142-->src\main\AndroidManifest.xml:558:9-82
143            android:name="com.vritti.vwb.vworkbench.ClaimRecordActivity"
143-->src\main\AndroidManifest.xml:558:19-79
144            android:windowSoftInputMode="stateHidden" >
144-->src\Vwb\AndroidManifest.xml:86:13-54
145        </activity>
146        <activity
146-->src\Vwb\AndroidManifest.xml:89:9-95:20
147            android:name="com.vritti.vwb.vworkbench.GoogleMapTeamActivity"
147-->src\Vwb\AndroidManifest.xml:90:13-75
148            android:icon="@mipmap/ic_vwb"
148-->src\Vwb\AndroidManifest.xml:91:13-42
149            android:label="vWorkbench"
149-->src\Vwb\AndroidManifest.xml:92:13-39
150            android:theme="@style/AppTheme" >
150-->src\Vwb\AndroidManifest.xml:93:13-44
151        </activity>
152
153        <service
153-->src\main\AndroidManifest.xml:741:9-747:19
154            android:name="com.vritti.ekatm.services.DownloadJobService"
154-->src\main\AndroidManifest.xml:742:13-56
155            android:exported="false" >
155-->src\main\AndroidManifest.xml:743:13-37
156            <intent-filter>
156-->src\main\AndroidManifest.xml:442:13-444:29
157                <action android:name="com.firebase.jobdispatcher.ACTION_EXECUTE" />
157-->src\main\AndroidManifest.xml:443:17-84
157-->src\main\AndroidManifest.xml:443:25-81
158            </intent-filter>
159        </service>
160        <service
160-->src\main\AndroidManifest.xml:748:9-754:19
161            android:name="com.vritti.ekatm.services.EnoJobService"
161-->src\main\AndroidManifest.xml:749:13-51
162            android:exported="false" >
162-->src\main\AndroidManifest.xml:750:13-37
163            <intent-filter>
163-->src\main\AndroidManifest.xml:442:13-444:29
164                <action android:name="com.firebase.jobdispatcher.ACTION_EXECUTE" />
164-->src\main\AndroidManifest.xml:443:17-84
164-->src\main\AndroidManifest.xml:443:25-81
165            </intent-filter>
166        </service>
167        <service
167-->src\main\AndroidManifest.xml:755:9-761:19
168            android:name="com.vritti.ekatm.services.ConnectivityJob"
168-->src\main\AndroidManifest.xml:756:13-53
169            android:exported="false" >
169-->src\main\AndroidManifest.xml:757:13-37
170            <intent-filter>
170-->src\main\AndroidManifest.xml:442:13-444:29
171                <action android:name="com.firebase.jobdispatcher.ACTION_EXECUTE" />
171-->src\main\AndroidManifest.xml:443:17-84
171-->src\main\AndroidManifest.xml:443:25-81
172            </intent-filter>
173        </service>
174
175        <receiver android:name="com.vritti.ekatm.receiver.CallReceiver1" >
175-->src\main\AndroidManifest.xml:307:8-314:20
175-->src\main\AndroidManifest.xml:307:18-56
176            <intent-filter>
176-->src\main\AndroidManifest.xml:299:13-301:29
177                <action android:name="android.intent.action.PHONE_STATE" />
177-->src\main\AndroidManifest.xml:300:17-76
177-->src\main\AndroidManifest.xml:300:25-73
178            </intent-filter>
179            <intent-filter>
179-->src\main\AndroidManifest.xml:302:13-304:29
180                <action android:name="android.intent.action.NEW_OUTGOING_CALL" />
180-->src\main\AndroidManifest.xml:303:17-82
180-->src\main\AndroidManifest.xml:303:25-79
181            </intent-filter>
182        </receiver>
183
184        <service
184-->src\main\AndroidManifest.xml:438:9-445:19
185            android:name="com.vritti.ekatm.services.CallReceiverIntentService"
185-->src\main\AndroidManifest.xml:439:13-63
186            android:exported="false"
186-->src\main\AndroidManifest.xml:440:13-37
187            android:permission="android.permission.BIND_JOB_SERVICE" >
187-->src\main\AndroidManifest.xml:441:13-69
188            <intent-filter>
188-->src\main\AndroidManifest.xml:442:13-444:29
189                <action android:name="com.firebase.jobdispatcher.ACTION_EXECUTE" />
189-->src\main\AndroidManifest.xml:443:17-84
189-->src\main\AndroidManifest.xml:443:25-81
190            </intent-filter>
191        </service>
192
193        <activity android:name="com.vritti.vwb.vworkbench.Hajmola_End_Screen" />
193-->src\main\AndroidManifest.xml:67:9-90
193-->src\main\AndroidManifest.xml:67:19-78
194
195        <uses-library
195-->src\main\AndroidManifest.xml:69:9-71:40
196            android:name="org.apache.http.legacy"
196-->src\main\AndroidManifest.xml:70:13-50
197            android:required="false" />
197-->src\main\AndroidManifest.xml:71:13-37
198
199        <activity android:name="com.vritti.SaharaModule.SplashActivity" />
199-->src\main\AndroidManifest.xml:77:9-75
199-->src\main\AndroidManifest.xml:77:19-72
200        <activity android:name="com.vritti.sales.activity.CollectionReceiptActivity" />
200-->src\main\AndroidManifest.xml:78:9-97
200-->src\main\AndroidManifest.xml:78:19-85
201        <activity android:name="com.vritti.sales.activity.ReceiptActivity" />
201-->src\main\AndroidManifest.xml:79:9-78
201-->src\main\AndroidManifest.xml:79:19-75
202        <activity android:name="com.vritti.sales.CounterBilling.PrintedBillDetailsActivity" />
202-->src\main\AndroidManifest.xml:80:9-95
202-->src\main\AndroidManifest.xml:80:19-92
203        <activity android:name="com.vritti.sales.CounterBilling.BillsHistory" />
203-->src\main\AndroidManifest.xml:81:9-81
203-->src\main\AndroidManifest.xml:81:19-78
204        <activity android:name="com.vritti.sales.activity.AddNewEntity_Customer" />
204-->src\main\AndroidManifest.xml:82:9-84
204-->src\main\AndroidManifest.xml:82:19-81
205        <activity android:name="com.vritti.sales.activity.LocateOnMapActivity" />
205-->src\main\AndroidManifest.xml:83:9-82
205-->src\main\AndroidManifest.xml:83:19-79
206        <activity android:name="com.vritti.sales.activity.AddNewAddressActivity" />
206-->src\main\AndroidManifest.xml:84:9-84
206-->src\main\AndroidManifest.xml:84:19-81
207        <activity android:name="com.vritti.sales.activity.TransitShipmentActivity" />
207-->src\main\AndroidManifest.xml:85:9-86
207-->src\main\AndroidManifest.xml:85:19-83
208        <activity android:name="com.vritti.sales.activity.ShipToAddressActivity" />
208-->src\main\AndroidManifest.xml:86:9-84
208-->src\main\AndroidManifest.xml:86:19-81
209        <activity android:name="com.vritti.sales.activity.CustomersListSelection_Activity" />
209-->src\main\AndroidManifest.xml:87:9-94
209-->src\main\AndroidManifest.xml:87:19-91
210        <activity android:name="com.vritti.sales.activity.PendingDeliveries" />
210-->src\main\AndroidManifest.xml:88:9-80
210-->src\main\AndroidManifest.xml:88:19-77
211        <activity android:name="com.vritti.sales.activity.ShipmentAndInvoicing" />
211-->src\main\AndroidManifest.xml:89:9-83
211-->src\main\AndroidManifest.xml:89:19-80
212        <activity android:name="com.vritti.sales.activity.DeliveryAgentSelection" />
212-->src\main\AndroidManifest.xml:90:9-85
212-->src\main\AndroidManifest.xml:90:19-82
213        <activity android:name="com.vritti.sales.activity.MyOrderHistory_Tabactivity" />
213-->src\main\AndroidManifest.xml:91:9-89
213-->src\main\AndroidManifest.xml:91:19-86
214        <activity
214-->src\main\AndroidManifest.xml:92:9-94:53
215            android:name="com.vritti.sales.activity.ShipmentEntryActivity"
215-->src\main\AndroidManifest.xml:93:13-75
216            android:theme="@style/AppTheme_tbuds" />
216-->src\main\AndroidManifest.xml:94:13-50
217        <activity android:name="com.vritti.sales.activity.CustomersListActivity" />
217-->src\main\AndroidManifest.xml:95:9-84
217-->src\main\AndroidManifest.xml:95:19-81
218        <activity android:name="com.vritti.sales.activity.AddNewCustProspect" />
218-->src\main\AndroidManifest.xml:96:9-81
218-->src\main\AndroidManifest.xml:96:19-78
219        <activity android:name="com.vritti.sales.activity.ProspectSettingsActivity_tbuds" />
219-->src\main\AndroidManifest.xml:97:9-93
219-->src\main\AndroidManifest.xml:97:19-90
220        <activity
220-->src\main\AndroidManifest.xml:98:9-100:55
221            android:name="com.vritti.sales.CounterBilling.AddEditItemForCBilling"
221-->src\main\AndroidManifest.xml:99:13-82
222            android:windowSoftInputMode="adjustPan" /> <!-- ************************    Manifest Sales module activities     ****************************** -->
222-->src\main\AndroidManifest.xml:100:13-52
223        <activity android:name="com.vritti.sales.activity.Sales_OrderTypeSelectionActivity" />
223-->src\main\AndroidManifest.xml:101:9-95
223-->src\main\AndroidManifest.xml:101:19-92
224        <activity android:name="com.vritti.sales.activity.Sales_HomeSActivity" /> <!-- Manifest Activity  common -->
224-->src\main\AndroidManifest.xml:102:9-82
224-->src\main\AndroidManifest.xml:102:19-79
225        <activity
225-->src\main\AndroidManifest.xml:103:9-107:58
226            android:name="com.vritti.sales.activity.ProductListActivity"
226-->src\main\AndroidManifest.xml:104:13-73
227            android:screenOrientation="portrait"
227-->src\main\AndroidManifest.xml:105:13-49
228            android:theme="@style/AppTheme_tbuds"
228-->src\main\AndroidManifest.xml:106:13-50
229            android:windowSoftInputMode="stateVisible" />
229-->src\main\AndroidManifest.xml:107:13-55
230        <activity
230-->src\main\AndroidManifest.xml:108:9-112:68
231            android:name="com.vritti.sales.activity.CartActivity"
231-->src\main\AndroidManifest.xml:109:13-66
232            android:screenOrientation="portrait"
232-->src\main\AndroidManifest.xml:110:13-49
233            android:theme="@style/AppTheme_tbuds"
233-->src\main\AndroidManifest.xml:111:13-50
234            android:windowSoftInputMode="adjustPan|stateVisible" />
234-->src\main\AndroidManifest.xml:112:13-65
235        <activity
235-->src\main\AndroidManifest.xml:113:9-115:53
236            android:name="com.vritti.sales.activity.CategorySearchActivity"
236-->src\main\AndroidManifest.xml:114:13-76
237            android:theme="@style/AppTheme_tbuds" />
237-->src\main\AndroidManifest.xml:115:13-50
238        <activity
238-->src\main\AndroidManifest.xml:116:9-119:53
239            android:name="com.vritti.sales.activity.CheckoutActivity"
239-->src\main\AndroidManifest.xml:117:13-70
240            android:screenOrientation="portrait"
240-->src\main\AndroidManifest.xml:118:13-49
241            android:theme="@style/AppTheme_tbuds" />
241-->src\main\AndroidManifest.xml:119:13-50
242        <activity
242-->src\main\AndroidManifest.xml:120:9-124:73
243            android:name="com.vritti.sales.activity.ItemListActivity"
243-->src\main\AndroidManifest.xml:121:13-70
244            android:screenOrientation="portrait"
244-->src\main\AndroidManifest.xml:122:13-49
245            android:theme="@style/AppTheme_tbuds"
245-->src\main\AndroidManifest.xml:123:13-50
246            android:windowSoftInputMode="adjustPan|stateAlwaysHidden" />
246-->src\main\AndroidManifest.xml:124:13-70
247        <activity
247-->src\main\AndroidManifest.xml:125:9-127:53
248            android:name="com.vritti.sales.activity.MainActivity"
248-->src\main\AndroidManifest.xml:126:13-66
249            android:theme="@style/AppTheme_tbuds" />
249-->src\main\AndroidManifest.xml:127:13-50
250        <activity
250-->src\main\AndroidManifest.xml:128:9-132:58
251            android:name="com.vritti.sales.activity.ProductList_TabActivity"
251-->src\main\AndroidManifest.xml:129:13-77
252            android:screenOrientation="portrait"
252-->src\main\AndroidManifest.xml:130:13-49
253            android:theme="@style/AppTheme_tbuds"
253-->src\main\AndroidManifest.xml:131:13-50
254            android:windowSoftInputMode="stateVisible" />
254-->src\main\AndroidManifest.xml:132:13-55
255        <activity
255-->src\main\AndroidManifest.xml:133:9-137:57
256            android:name="com.vritti.sales.activity.SubCategoryActivity"
256-->src\main\AndroidManifest.xml:134:13-73
257            android:screenOrientation="portrait"
257-->src\main\AndroidManifest.xml:135:13-49
258            android:theme="@style/AppTheme_tbuds"
258-->src\main\AndroidManifest.xml:136:13-50
259            android:windowSoftInputMode="stateHidden" />
259-->src\main\AndroidManifest.xml:137:13-54
260        <activity
260-->src\main\AndroidManifest.xml:138:9-141:53
261            android:name="com.vritti.sales.activity.SubCategorySearchActivity"
261-->src\main\AndroidManifest.xml:139:13-79
262            android:screenOrientation="portrait"
262-->src\main\AndroidManifest.xml:140:13-49
263            android:theme="@style/AppTheme_tbuds" /> <!-- android:theme="@style/AppTheme.NoActionBar" -->
263-->src\main\AndroidManifest.xml:141:13-50
264        <activity
264-->src\main\AndroidManifest.xml:142:9-144:53
265            android:name="com.vritti.sales.activity.GetAddressActivity"
265-->src\main\AndroidManifest.xml:143:13-72
266            android:theme="@style/AppTheme_tbuds" />
266-->src\main\AndroidManifest.xml:144:13-50
267        <activity
267-->src\main\AndroidManifest.xml:145:9-147:53
268            android:name="com.vritti.sales.activity.ThankyouActivity"
268-->src\main\AndroidManifest.xml:146:13-70
269            android:theme="@style/AppTheme_tbuds" />
269-->src\main\AndroidManifest.xml:147:13-50
270        <activity
270-->src\main\AndroidManifest.xml:149:9-152:58
271            android:name="com.vritti.crm.vcrm7.CRM_CallLogList"
271-->src\main\AndroidManifest.xml:150:13-64
272            android:theme="@style/AppTheme.NoActionBar"
272-->src\main\AndroidManifest.xml:152:13-56
273            android:windowSoftInputMode="stateAlwaysHidden|adjustResize" />
273-->src\main\AndroidManifest.xml:151:13-73
274        <activity
274-->src\main\AndroidManifest.xml:153:9-156:58
275            android:name="com.vritti.crm.vcrm7.CallUpdateActivity"
275-->src\main\AndroidManifest.xml:154:13-67
276            android:theme="@style/AppTheme.NoActionBar"
276-->src\main\AndroidManifest.xml:156:13-56
277            android:windowSoftInputMode="stateAlwaysHidden|adjustResize" />
277-->src\main\AndroidManifest.xml:155:13-73
278        <!--
279           <activity
280            android:name="com.vritti.sales.P"
281            android:theme="@style/AppTheme_tbuds" /> &lt;!&ndash; Counter billing &ndash;&gt;
282        -->
283        <!-- Counter billing -->
284        <activity
284-->src\main\AndroidManifest.xml:163:9-165:53
285            android:name="com.vritti.sales.CounterBilling.CounterBillingMainActivity"
285-->src\main\AndroidManifest.xml:164:13-86
286            android:theme="@style/AppTheme_tbuds" />
286-->src\main\AndroidManifest.xml:165:13-50
287        <activity
287-->src\main\AndroidManifest.xml:166:9-168:53
288            android:name="com.vritti.sales.CounterBilling.TotalSaleActivity"
288-->src\main\AndroidManifest.xml:167:13-77
289            android:theme="@style/AppTheme_tbuds" />
289-->src\main\AndroidManifest.xml:168:13-50
290        <activity
290-->src\main\AndroidManifest.xml:169:9-171:53
291            android:name="com.vritti.sales.CounterBilling.ReportsMainActivity"
291-->src\main\AndroidManifest.xml:170:13-79
292            android:theme="@style/AppTheme_tbuds" />
292-->src\main\AndroidManifest.xml:171:13-50
293        <activity
293-->src\main\AndroidManifest.xml:172:9-174:53
294            android:name="com.vritti.sales.CounterBilling.ReportActivity"
294-->src\main\AndroidManifest.xml:173:13-74
295            android:theme="@style/AppTheme_tbuds" />
295-->src\main\AndroidManifest.xml:174:13-50
296        <activity
296-->src\main\AndroidManifest.xml:175:9-177:53
297            android:name="com.vritti.sales.CounterBilling.PurchaceActivity"
297-->src\main\AndroidManifest.xml:176:13-76
298            android:theme="@style/AppTheme_tbuds" />
298-->src\main\AndroidManifest.xml:177:13-50
299        <activity
299-->src\main\AndroidManifest.xml:178:9-181:73